Sun, 07 May 2017 22:39:09 connectionpool.py[line:818] DEBUG Starting new HTTPS connection (1): account.bilibili.com
Sun, 07 May 2017 22:39:09 connectionpool.py[line:395] DEBUG https://account.bilibili.com:443 "GET /home/userInfo HTTP/1.1" 200 None
Sun, 07 May 2017 22:39:10 selector_events.py[line:53] DEBUG Using selector: SelectSelector
Sun, 07 May 2017 22:41:15 connectionpool.py[line:207] DEBUG Starting new HTTP connection (1): www.tuling123.com
Sun, 07 May 2017 22:41:15 connectionpool.py[line:395] DEBUG http://www.tuling123.com:80 "POST /openapi/api HTTP/1.1" 200 None
Sun, 07 May 2017 22:41:31 connectionpool.py[line:207] DEBUG Starting new HTTP connection (1): www.tuling123.com
Sun, 07 May 2017 22:41:31 connectionpool.py[line:395] DEBUG http://www.tuling123.com:80 "POST /openapi/api HTTP/1.1" 200 None
Sun, 07 May 2017 22:44:58 connectionpool.py[line:207] DEBUG Starting new HTTP connection (1): www.tuling123.com
Sun, 07 May 2017 22:44:58 connectionpool.py[line:395] DEBUG http://www.tuling123.com:80 "POST /openapi/api HTTP/1.1" 200 None
Sun, 07 May 2017 22:45:29 connectionpool.py[line:207] DEBUG Starting new HTTP connection (1): www.tuling123.com
Sun, 07 May 2017 22:45:29 connectionpool.py[line:395] DEBUG http://www.tuling123.com:80 "POST /openapi/api HTTP/1.1" 200 None
Sun, 07 May 2017 22:45:53 connectionpool.py[line:207] DEBUG Starting new HTTP connection (1): www.tuling123.com
Sun, 07 May 2017 22:45:53 connectionpool.py[line:395] DEBUG http://www.tuling123.com:80 "POST /openapi/api HTTP/1.1" 200 None
Sun, 07 May 2017 22:46:14 connectionpool.py[line:207] DEBUG Starting new HTTP connection (1): www.tuling123.com
Sun, 07 May 2017 22:46:14 connectionpool.py[line:395] DEBUG http://www.tuling123.com:80 "POST /openapi/api HTTP/1.1" 200 None
Sun, 07 May 2017 22:52:34 connectionpool.py[line:207] DEBUG Starting new HTTP connection (1): www.tuling123.com
Sun, 07 May 2017 22:52:34 connectionpool.py[line:395] DEBUG http://www.tuling123.com:80 "POST /openapi/api HTTP/1.1" 200 None
Sun, 07 May 2017 22:53:44 connectionpool.py[line:207] DEBUG Starting new HTTP connection (1): www.tuling123.com
Sun, 07 May 2017 22:53:44 connectionpool.py[line:395] DEBUG http://www.tuling123.com:80 "POST /openapi/api HTTP/1.1" 200 None
Sun, 07 May 2017 22:56:12 connectionpool.py[line:207] DEBUG Starting new HTTP connection (1): www.tuling123.com
Sun, 07 May 2017 22:56:12 connectionpool.py[line:395] DEBUG http://www.tuling123.com:80 "POST /openapi/api HTTP/1.1" 200 None
